<?xml version="1.0" encoding="UTF-8"?>
<testsuite xmlns:xsi="http://www.w3.org/2001/XMLSchema-instance" xsi:noNamespaceSchemaLocation="https://maven.apache.org/surefire/maven-surefire-plugin/xsd/surefire-test-report.xsd" version="3.0.2" name="com.code.api.TalentHuntApiApplicationTest" time="11.675" tests="1" errors="0" skipped="0" failures="0">
  <properties>
[...]
</properties>
  <testcase name="contextLoads" classname="com.code.api.TalentHuntApiApplicationTest" time="0.914">
    <system-out><![CDATA[17:19:40.879 [main] INFO org.springframework.test.context.support.AnnotationConfigContextLoaderUtils -- Could not detect default configuration classes for test class [com.code.api.TalentHuntApiApplicationTest]: TalentHuntApiApplicationTest does not declare any static, non-private, non-final, nested classes annotated with @Configuration.
17:19:41.093 [main] INFO org.springframework.boot.test.context.SpringBootTestContextBootstrapper -- Found @SpringBootConfiguration com.code.api.TalentHuntApiApplication for test class com.code.api.TalentHuntApiApplicationTest

  .   ____          _            __ _ _
 /\\ / ___'_ __ _ _(_)_ __  __ _ \ \ \ \
( ( )\___ | '_ | '_| | '_ \/ _` | \ \ \ \
 \\/  ___)| |_)| | | | | || (_| |  ) ) ) )
  '  |____| .__|_| |_|_| |_\__, | / / / /
 =========|_|==============|___/=/_/_/_/

 :: Spring Boot ::                (v3.4.4)

2025-06-08T17:19:42.035+05:30  WARN 14080 --- [TalentHuntAPI] [           main] ory$DuplicateJsonObjectContextCustomizer : 

Found multiple occurrences of org.json.JSONObject on the class path:

	jar:file:/C:/Users/SREYA%20DHAR/.m2/repository/org/json/json/20180130/json-20180130.jar!/org/json/JSONObject.class
	jar:file:/C:/Users/SREYA%20DHAR/.m2/repository/com/vaadin/external/google/android-json/0.0.20131108.vaadin1/android-json-0.0.20131108.vaadin1.jar!/org/json/JSONObject.class

You may wish to exclude one of them to ensure predictable runtime behavior

2025-06-08T17:19:42.078+05:30  INFO 14080 --- [TalentHuntAPI] [           main] c.code.api.TalentHuntApiApplicationTest  : Starting TalentHuntApiApplicationTest using Java 22.0.2 with PID 14080 (started by SREYA DHAR in D:\coding\Maven project\talenthunt (1)\talenthunt (1)\talenthunt)
2025-06-08T17:19:42.081+05:30  INFO 14080 --- [TalentHuntAPI] [           main] c.code.api.TalentHuntApiApplicationTest  : No active profile set, falling back to 1 default profile: "default"
2025-06-08T17:19:42.146+05:30 DEBUG 14080 --- [TalentHuntAPI] [           main] o.s.w.c.s.GenericWebApplicationContext   : Refreshing org.springframework.web.context.support.GenericWebApplicationContext@62b3df3a
2025-06-08T17:19:43.714+05:30  INFO 14080 --- [TalentHuntAPI] [           main] .s.d.r.c.RepositoryConfigurationDelegate : Bootstrapping Spring Data JPA repositories in DEFAULT mode.
2025-06-08T17:19:43.845+05:30  INFO 14080 --- [TalentHuntAPI] [           main] .s.d.r.c.RepositoryConfigurationDelegate : Finished Spring Data repository scanning in 114 ms. Found 6 JPA repository interfaces.
2025-06-08T17:19:44.872+05:30  INFO 14080 --- [TalentHuntAPI] [           main] o.hibernate.jpa.internal.util.LogHelper  : HHH000204: Processing PersistenceUnitInfo [name: default]
2025-06-08T17:19:45.018+05:30  INFO 14080 --- [TalentHuntAPI] [           main] org.hibernate.Version                    : HHH000412: Hibernate ORM core version 6.6.11.Final
2025-06-08T17:19:45.114+05:30  INFO 14080 --- [TalentHuntAPI] [           main] o.h.c.internal.RegionFactoryInitiator    : HHH000026: Second-level cache disabled
2025-06-08T17:19:45.779+05:30  INFO 14080 --- [TalentHuntAPI] [           main] o.s.o.j.p.SpringPersistenceUnitInfo      : No LoadTimeWeaver setup: ignoring JPA class transformer
2025-06-08T17:19:45.857+05:30  INFO 14080 --- [TalentHuntAPI] [           main] com.zaxxer.hikari.HikariDataSource       : HikariPool-1 - Starting...
2025-06-08T17:19:46.549+05:30  INFO 14080 --- [TalentHuntAPI] [           main] com.zaxxer.hikari.pool.HikariPool        : HikariPool-1 - Added connection com.mysql.cj.jdbc.ConnectionImpl@76b05c0
2025-06-08T17:19:46.555+05:30  INFO 14080 --- [TalentHuntAPI] [           main] com.zaxxer.hikari.HikariDataSource       : HikariPool-1 - Start completed.
2025-06-08T17:19:46.743+05:30  INFO 14080 --- [TalentHuntAPI] [           main] org.hibernate.orm.connections.pooling    : HHH10001005: Database info:
	Database JDBC URL [Connecting through datasource 'HikariDataSource (HikariPool-1)']
	Database driver: undefined/unknown
	Database version: 8.0.41
	Autocommit mode: undefined/unknown
	Isolation level: undefined/unknown
	Minimum pool size: undefined/unknown
	Maximum pool size: undefined/unknown
2025-06-08T17:19:48.474+05:30  INFO 14080 --- [TalentHuntAPI] [           main] o.h.e.t.j.p.i.JtaPlatformInitiator       : HHH000489: No JTA platform available (set 'hibernate.transaction.jta.platform' to enable JTA platform integration)
2025-06-08T17:19:48.648+05:30  INFO 14080 --- [TalentHuntAPI] [           main] j.LocalContainerEntityManagerFactoryBean : Initialized JPA EntityManagerFactory for persistence unit 'default'
2025-06-08T17:19:49.599+05:30  WARN 14080 --- [TalentHuntAPI] [           main] JpaBaseConfiguration$JpaWebConfiguration : spring.jpa.open-in-view is enabled by default. Therefore, database queries may be performed during view rendering. Explicitly configure spring.jpa.open-in-view to disable this warning
2025-06-08T17:19:49.635+05:30  WARN 14080 --- [TalentHuntAPI] [           main] .s.s.UserDetailsServiceAutoConfiguration : 

Using generated security password: 93a5dd4a-efc9-4992-a4df-2336c0bac172

This generated password is for development use only. Your security configuration must be updated before running your application in production.

2025-06-08T17:19:49.666+05:30  INFO 14080 --- [TalentHuntAPI] [           main] r$InitializeUserDetailsManagerConfigurer : Global AuthenticationManager configured with UserDetailsService bean with name inMemoryUserDetailsManager
2025-06-08T17:19:50.043+05:30 DEBUG 14080 --- [TalentHuntAPI] [           main] s.w.s.m.m.a.RequestMappingHandlerMapping : 35 mappings in 'requestMappingHandlerMapping'
2025-06-08T17:19:50.297+05:30 DEBUG 14080 --- [TalentHuntAPI] [           main] o.s.w.s.handler.SimpleUrlHandlerMapping  : Patterns [/webjars/**, /**, /swagger-ui*/*swagger-initializer.js, /swagger-ui*/**] in 'resourceHandlerMapping'
2025-06-08T17:19:50.709+05:30  INFO 14080 --- [TalentHuntAPI] [           main] o.s.v.b.OptionalValidatorFactoryBean     : Failed to set up a Bean Validation provider: jakarta.validation.NoProviderFoundException: Unable to create a Configuration, because no Jakarta Bean Validation provider could be found. Add a provider like Hibernate Validator (RI) to your classpath.
2025-06-08T17:19:50.804+05:30 DEBUG 14080 --- [TalentHuntAPI] [           main] s.w.s.m.m.a.RequestMappingHandlerAdapter : ControllerAdvice beans: 0 @ModelAttribute, 0 @InitBinder, 1 RequestBodyAdvice, 1 ResponseBodyAdvice
2025-06-08T17:19:50.956+05:30 DEBUG 14080 --- [TalentHuntAPI] [           main] .m.m.a.ExceptionHandlerExceptionResolver : ControllerAdvice beans: 2 @ExceptionHandler, 1 ResponseBodyAdvice
2025-06-08T17:19:51.319+05:30  INFO 14080 --- [TalentHuntAPI] [           main] c.code.api.TalentHuntApiApplicationTest  : Started TalentHuntApiApplicationTest in 9.894 seconds (process running for 11.88)
]]></system-out>
    <system-err><![CDATA[Mockito is currently self-attaching to enable the inline-mock-maker. This will no longer work in future releases of the JDK. Please add Mockito as an agent to your build what is described in Mockito's documentation: https://javadoc.io/doc/org.mockito/mockito-core/latest/org/mockito/Mockito.html#0.3
WARNING: A Java agent has been loaded dynamically (C:\Users\SREYA DHAR\.m2\repository\net\bytebuddy\byte-buddy-agent\1.15.11\byte-buddy-agent-1.15.11.jar)
WARNING: If a serviceability tool is in use, please run with -XX:+EnableDynamicAgentLoading to hide this warning
WARNING: If a serviceability tool is not in use, please run with -Djdk.instrument.traceUsage for more information
WARNING: Dynamic loading of agents will be disallowed by default in a future release
]]></system-err>
  </testcase>
</testsuite>